0 info it worked if it ends with ok
1 verbose cli [ '/usr/bin/node', '/usr/bin/npm', 'install', '-g', 'morgan' ]
2 info using npm@1.4.14
3 info using node@v0.10.29
4 verbose node symlink /usr/bin/node
5 verbose cache add [ 'morgan', null ]
6 verbose cache add name=undefined spec="morgan" args=["morgan",null]
7 verbose parsed url { protocol: null,
7 verbose parsed url   slashes: null,
7 verbose parsed url   auth: null,
7 verbose parsed url   host: null,
7 verbose parsed url   port: null,
7 verbose parsed url   hostname: null,
7 verbose parsed url   hash: null,
7 verbose parsed url   search: null,
7 verbose parsed url   query: null,
7 verbose parsed url   pathname: 'morgan',
7 verbose parsed url   path: 'morgan',
7 verbose parsed url   href: 'morgan' }
8 silly lockFile 519bc3f0-morgan morgan
9 verbose lock morgan /home/volodymyr/.npm/519bc3f0-morgan.lock
10 silly lockFile 519bc3f0-morgan morgan
11 silly lockFile 519bc3f0-morgan morgan
12 verbose addNamed [ 'morgan', '' ]
13 verbose addNamed [ null, '*' ]
14 silly lockFile aca3bbc6-morgan morgan@
15 verbose lock morgan@ /home/volodymyr/.npm/aca3bbc6-morgan.lock
16 silly addNameRange { name: 'morgan', range: '*', hasData: false }
17 verbose url raw morgan
18 verbose url resolving [ 'https://registry.npmjs.org/', './morgan' ]
19 verbose url resolved https://registry.npmjs.org/morgan
20 info trying registry request attempt 1 at 08:25:31
21 verbose etag "B80D7GVNR4FTIX54W98UTZDDB"
22 http GET https://registry.npmjs.org/morgan
23 http 304 https://registry.npmjs.org/morgan
24 silly registry.get cb [ 304,
24 silly registry.get   { date: 'Mon, 21 Jul 2014 05:25:34 GMT',
24 silly registry.get     server: 'Apache',
24 silly registry.get     via: '1.1 varnish',
24 silly registry.get     'last-modified': 'Mon, 21 Jul 2014 05:25:34 GMT',
24 silly registry.get     'cache-control': 'max-age=60',
24 silly registry.get     etag: '"B80D7GVNR4FTIX54W98UTZDDB"',
24 silly registry.get     'x-served-by': 'cache-fra1227-FRA',
24 silly registry.get     'x-cache': 'HIT',
24 silly registry.get     'x-cache-hits': '1',
24 silly registry.get     'x-timer': 'S1405920334.271821,VS0,VE0',
24 silly registry.get     vary: 'Accept',
24 silly registry.get     'content-length': '0',
24 silly registry.get     'keep-alive': 'timeout=10, max=50',
24 silly registry.get     connection: 'Keep-Alive' } ]
25 verbose etag morgan from cache
26 silly addNameRange number 2 { name: 'morgan', range: '*', hasData: true }
27 silly addNameRange versions [ 'morgan', [ '1.0.0', '1.0.1', '1.1.0', '1.1.1', '1.2.0' ] ]
28 verbose addNamed [ 'morgan', '1.2.0' ]
29 verbose addNamed [ '1.2.0', '1.2.0' ]
30 silly lockFile 7c624161-morgan-1-2-0 morgan@1.2.0
31 verbose lock morgan@1.2.0 /home/volodymyr/.npm/7c624161-morgan-1-2-0.lock
32 silly lockFile 7c624161-morgan-1-2-0 morgan@1.2.0
33 silly lockFile 7c624161-morgan-1-2-0 morgan@1.2.0
34 silly lockFile aca3bbc6-morgan morgan@
35 silly lockFile aca3bbc6-morgan morgan@
36 silly resolved [ { name: 'morgan',
36 silly resolved     description: 'http request logger middleware for node.js',
36 silly resolved     version: '1.2.0',
36 silly resolved     author:
36 silly resolved      { name: 'Jonathan Ong',
36 silly resolved        email: 'me@jongleberry.com',
36 silly resolved        url: 'http://jongleberry.com' },
36 silly resolved     contributors: [ [Object] ],
36 silly resolved     license: 'MIT',
36 silly resolved     repository: { type: 'git', url: 'git://github.com/expressjs/morgan' },
36 silly resolved     dependencies:
36 silly resolved      { 'basic-auth': '1.0.0',
36 silly resolved        bytes: '1.0.0',
36 silly resolved        depd: '0.4.2',
36 silly resolved        finished: '~1.2.2' },
36 silly resolved     devDependencies:
36 silly resolved      { istanbul: '0.3.0',
36 silly resolved        mocha: '~1.20.1',
36 silly resolved        should: '~4.0.4',
36 silly resolved        supertest: '~0.13.0' },
36 silly resolved     engines: { node: '>= 0.8.0' },
36 silly resolved     scripts:
36 silly resolved      { test: 'mocha --check-leaks --reporter spec --bail',
36 silly resolved        'test-cov': 'istanbul cover node_modules/mocha/bin/_mocha -- --check-leaks --reporter dot',
36 silly resolved        'test-travis': 'istanbul cover node_modules/mocha/bin/_mocha --report lcovonly -- --check-leaks --reporter spec' },
36 silly resolved     bugs: { url: 'https://github.com/expressjs/morgan/issues' },
36 silly resolved     homepage: 'https://github.com/expressjs/morgan',
36 silly resolved     _id: 'morgan@1.2.0',
36 silly resolved     dist:
36 silly resolved      { shasum: '8dc17a57599598f80cd7a7e1e3b54e72c689910d',
36 silly resolved        tarball: 'http://registry.npmjs.org/morgan/-/morgan-1.2.0.tgz' },
36 silly resolved     _from: 'morgan@',
36 silly resolved     _npmVersion: '1.4.3',
36 silly resolved     _npmUser: { name: 'dougwilson', email: 'doug@somethingdoug.com' },
36 silly resolved     maintainers: [ [Object], [Object], [Object], [Object], [Object], [Object] ],
36 silly resolved     directories: {},
36 silly resolved     _shasum: '8dc17a57599598f80cd7a7e1e3b54e72c689910d',
36 silly resolved     _resolved: 'https://registry.npmjs.org/morgan/-/morgan-1.2.0.tgz',
36 silly resolved     readme: 'ERROR: No README data found!' } ]
37 info install morgan@1.2.0 into /usr/lib
38 info installOne morgan@1.2.0
39 info /usr/lib/node_modules/morgan unbuild
40 info preuninstall morgan@1.2.0
41 info uninstall morgan@1.2.0
42 verbose true,/usr/lib/node_modules,/usr/lib/node_modules unbuild morgan@1.2.0
43 info postuninstall morgan@1.2.0
44 info /usr/lib/node_modules/morgan unbuild
45 info preuninstall morgan@1.2.0
46 info uninstall morgan@1.2.0
47 verbose true,/usr/lib/node_modules,/usr/lib/node_modules unbuild morgan@1.2.0
48 info postuninstall morgan@1.2.0
49 error error rolling back Error: EACCES, unlink '/usr/lib/node_modules/morgan'
49 error error rolling back  morgan@1.2.0 { [Error: EACCES, unlink '/usr/lib/node_modules/morgan']
49 error error rolling back   errno: 3,
49 error error rolling back   code: 'EACCES',
49 error error rolling back   path: '/usr/lib/node_modules/morgan' }
50 error Error: EACCES, unlink '/usr/lib/node_modules/morgan'
50 error  { [Error: EACCES, unlink '/usr/lib/node_modules/morgan']
50 error   errno: 3,
50 error   code: 'EACCES',
50 error   path: '/usr/lib/node_modules/morgan' }
51 error Please try running this command again as root/Administrator.
52 error System Linux 3.13.0-30-generic
53 error command "/usr/bin/node" "/usr/bin/npm" "install" "-g" "morgan"
54 error cwd /home/volodymyr/web_js_node/db_handler
55 error node -v v0.10.29
56 error npm -v 1.4.14
57 error path /usr/lib/node_modules/morgan
58 error code EACCES
59 error errno 3
60 error stack Error: EACCES, unlink '/usr/lib/node_modules/morgan'
61 verbose exit [ 3, true ]
